169
Epoch 0: 151.47567105293274s
Epoch 1: 44.18022966384888s
Epoch 2: 43.736323595047s
Epoch 3: 43.63961982727051s
Epoch 4: 44.03379416465759s
Epoch 5: 44.62563371658325s
Epoch 6: 43.92875289916992s
Epoch 7: 43.569164752960205s
Epoch 8: 44.99763798713684s
Epoch 9: 44.127957582473755s
Epoch 10: 42.712260484695435s
Epoch 11: 44.587674379348755s
Epoch 12: 43.684351682662964s
Epoch 13: 44.96518635749817s
Epoch 14: 43.100345611572266s
Epoch 15: 44.47481727600098s
5598
Baseline Accuracy: 0.9035369774919614
Adversarial Attack Accuracy: 0.8224365844944623
Done
