169
Epoch 0: 43.86023688316345s
Epoch 1: 44.14811444282532s
Epoch 2: 44.4114990234375s
Epoch 3: 43.59185004234314s
Epoch 4: 44.79701209068298s
Epoch 5: 43.758830308914185s
Epoch 6: 45.37631106376648s
Epoch 7: 43.70788764953613s
Epoch 8: 44.18495178222656s
Epoch 9: 43.661826372146606s
Epoch 10: 43.786210775375366s
Epoch 11: 43.38919019699097s
Epoch 12: 43.902409076690674s
Epoch 13: 44.94662952423096s
Epoch 14: 44.8738272190094s
Epoch 15: 44.86833834648132s
5598
Baseline Accuracy: 0.9035369774919614
Adversarial Attack Accuracy: 0.8285101822079314
Done
